==105407== Memcheck, a memory error detector
==105407== Copyright (C) 2002-2017, and GNU GPL'd, by Julian Seward et al.
==105407== Using Valgrind-3.18.1 and LibVEX; rerun with -h for copyright info
==105407== Command: ./archivio 3 3
==105407== Parent PID: 105406
==105407== 
==105407== 
==105407== HEAP SUMMARY:
==105407==     in use at exit: 37 bytes in 5 blocks
==105407==   total heap usage: 109 allocs, 104 frees, 24,013,581 bytes allocated
==105407== 
==105407== 17 bytes in 2 blocks are definitely lost in loss record 1 of 2
==105407==    at 0x4848899: malloc (in /usr/libexec/valgrind/vgpreload_memcheck-amd64-linux.so)
==105407==    by 0x490858E: strdup (strdup.c:42)
==105407==    by 0x10B24B: capo_lettore_body (archivio.c:529)
==105407==    by 0x48F4AC2: start_thread (pthread_create.c:442)
==105407==    by 0x4985BF3: clone (clone.S:100)
==105407== 
==105407== 20 bytes in 3 blocks are definitely lost in loss record 2 of 2
==105407==    at 0x4848899: malloc (in /usr/libexec/valgrind/vgpreload_memcheck-amd64-linux.so)
==105407==    by 0x490858E: strdup (strdup.c:42)
==105407==    by 0x10AD3D: capo_scrittore_body (archivio.c:357)
==105407==    by 0x48F4AC2: start_thread (pthread_create.c:442)
==105407==    by 0x4985BF3: clone (clone.S:100)
==105407== 
==105407== LEAK SUMMARY:
==105407==    definitely lost: 37 bytes in 5 blocks
==105407==    indirectly lost: 0 bytes in 0 blocks
==105407==      possibly lost: 0 bytes in 0 blocks
==105407==    still reachable: 0 bytes in 0 blocks
==105407==         suppressed: 0 bytes in 0 blocks
==105407== 
==105407== For lists of detected and suppressed errors, rerun with: -s
==105407== ERROR SUMMARY: 2 errors from 2 contexts (suppressed: 0 from 0)
