==17696== Memcheck, a memory error detector
==17696== Copyright (C) 2002-2017, and GNU GPL'd, by Julian Seward et al.
==17696== Using Valgrind-3.18.1 and LibVEX; rerun with -h for copyright info
==17696== Command: ./archivio 3 3
==17696== Parent PID: 12446
==17696== 
==17696== Thread 2:
==17696== Invalid write of size 1
==17696==    at 0x10AC24: capo_scrittore_body (archivio.c:297)
==17696==    by 0x48F4B42: start_thread (pthread_create.c:442)
==17696==    by 0x4985BB3: clone (clone.S:100)
==17696==  Address 0x616fea5 is 0 bytes after a block of size 5 alloc'd
==17696==    at 0x484DCD3: realloc (in /usr/libexec/valgrind/vgpreload_memcheck-amd64-linux.so)
==17696==    by 0x10ACFA: capo_scrittore_body (archivio.c:281)
==17696==    by 0x48F4B42: start_thread (pthread_create.c:442)
==17696==    by 0x4985BB3: clone (clone.S:100)
==17696== 
==17696== Invalid read of size 1
==17696==    at 0x4853DB9: strspn (in /usr/libexec/valgrind/vgpreload_memcheck-amd64-linux.so)
==17696==    by 0x49093FB: strtok_r (strtok_r.c:56)
==17696==    by 0x10ACB2: capo_scrittore_body (archivio.c:316)
==17696==    by 0x48F4B42: start_thread (pthread_create.c:442)
==17696==    by 0x4985BB3: clone (clone.S:100)
==17696==  Address 0x616fea5 is 0 bytes after a block of size 5 alloc'd
==17696==    at 0x484DCD3: realloc (in /usr/libexec/valgrind/vgpreload_memcheck-amd64-linux.so)
==17696==    by 0x10ACFA: capo_scrittore_body (archivio.c:281)
==17696==    by 0x48F4B42: start_thread (pthread_create.c:442)
==17696==    by 0x4985BB3: clone (clone.S:100)
==17696== 
==17696== Invalid read of size 1
==17696==    at 0x4909400: strtok_r (strtok_r.c:57)
==17696==    by 0x10ACB2: capo_scrittore_body (archivio.c:316)
==17696==    by 0x48F4B42: start_thread (pthread_create.c:442)
==17696==    by 0x4985BB3: clone (clone.S:100)
==17696==  Address 0x616fea5 is 0 bytes after a block of size 5 alloc'd
==17696==    at 0x484DCD3: realloc (in /usr/libexec/valgrind/vgpreload_memcheck-amd64-linux.so)
==17696==    by 0x10ACFA: capo_scrittore_body (archivio.c:281)
==17696==    by 0x48F4B42: start_thread (pthread_create.c:442)
==17696==    by 0x4985BB3: clone (clone.S:100)
==17696== 
==17696== Thread 3:
==17696== Invalid write of size 1
==17696==    at 0x10B0AF: capo_lettore_body (archivio.c:464)
==17696==    by 0x48F4B42: start_thread (pthread_create.c:442)
==17696==    by 0x4985BB3: clone (clone.S:100)
==17696==  Address 0x61703d5 is 0 bytes after a block of size 5 alloc'd
==17696==    at 0x484DCD3: realloc (in /usr/libexec/valgrind/vgpreload_memcheck-amd64-linux.so)
==17696==    by 0x10B185: capo_lettore_body (archivio.c:448)
==17696==    by 0x48F4B42: start_thread (pthread_create.c:442)
==17696==    by 0x4985BB3: clone (clone.S:100)
==17696== 
==17696== Invalid read of size 1
==17696==    at 0x4853DB9: strspn (in /usr/libexec/valgrind/vgpreload_memcheck-amd64-linux.so)
==17696==    by 0x49093FB: strtok_r (strtok_r.c:56)
==17696==    by 0x10B13D: capo_lettore_body (archivio.c:483)
==17696==    by 0x48F4B42: start_thread (pthread_create.c:442)
==17696==    by 0x4985BB3: clone (clone.S:100)
==17696==  Address 0x61703d5 is 0 bytes after a block of size 5 alloc'd
==17696==    at 0x484DCD3: realloc (in /usr/libexec/valgrind/vgpreload_memcheck-amd64-linux.so)
==17696==    by 0x10B185: capo_lettore_body (archivio.c:448)
==17696==    by 0x48F4B42: start_thread (pthread_create.c:442)
==17696==    by 0x4985BB3: clone (clone.S:100)
==17696== 
==17696== Invalid read of size 1
==17696==    at 0x4909400: strtok_r (strtok_r.c:57)
==17696==    by 0x10B13D: capo_lettore_body (archivio.c:483)
==17696==    by 0x48F4B42: start_thread (pthread_create.c:442)
==17696==    by 0x4985BB3: clone (clone.S:100)
==17696==  Address 0x61703d5 is 0 bytes after a block of size 5 alloc'd
==17696==    at 0x484DCD3: realloc (in /usr/libexec/valgrind/vgpreload_memcheck-amd64-linux.so)
==17696==    by 0x10B185: capo_lettore_body (archivio.c:448)
==17696==    by 0x48F4B42: start_thread (pthread_create.c:442)
==17696==    by 0x4985BB3: clone (clone.S:100)
==17696== 
==17696== Thread 2:
==17696== Invalid read of size 1
==17696==    at 0x4909443: strtok_r (strtok_r.c:47)
==17696==    by 0x10ACB2: capo_scrittore_body (archivio.c:316)
==17696==    by 0x48F4B42: start_thread (pthread_create.c:442)
==17696==    by 0x4985BB3: clone (clone.S:100)
==17696==  Address 0x6170515 is 0 bytes after a block of size 5 alloc'd
==17696==    at 0x484DCD3: realloc (in /usr/libexec/valgrind/vgpreload_memcheck-amd64-linux.so)
==17696==    by 0x10ACFA: capo_scrittore_body (archivio.c:281)
==17696==    by 0x48F4B42: start_thread (pthread_create.c:442)
==17696==    by 0x4985BB3: clone (clone.S:100)
==17696== 
==17696== Thread 3:
==17696== Invalid read of size 1
==17696==    at 0x4909443: strtok_r (strtok_r.c:47)
==17696==    by 0x10B13D: capo_lettore_body (archivio.c:483)
==17696==    by 0x48F4B42: start_thread (pthread_create.c:442)
==17696==    by 0x4985BB3: clone (clone.S:100)
==17696==  Address 0x6170834 is 0 bytes after a block of size 4 alloc'd
==17696==    at 0x484DCD3: realloc (in /usr/libexec/valgrind/vgpreload_memcheck-amd64-linux.so)
==17696==    by 0x10B185: capo_lettore_body (archivio.c:448)
==17696==    by 0x48F4B42: start_thread (pthread_create.c:442)
==17696==    by 0x4985BB3: clone (clone.S:100)
==17696== 
==17696== Thread 2:
==17696== Invalid read of size 1
==17696==    at 0x4853CCC: strcspn (in /usr/libexec/valgrind/vgpreload_memcheck-amd64-linux.so)
==17696==    by 0x4909411: strtok_r (strtok_r.c:64)
==17696==    by 0x10AC33: capo_scrittore_body (archivio.c:301)
==17696==    by 0x48F4B42: start_thread (pthread_create.c:442)
==17696==    by 0x4985BB3: clone (clone.S:100)
==17696==  Address 0x6172c25 is 0 bytes after a block of size 5 alloc'd
==17696==    at 0x484DCD3: realloc (in /usr/libexec/valgrind/vgpreload_memcheck-amd64-linux.so)
==17696==    by 0x10ACFA: capo_scrittore_body (archivio.c:281)
==17696==    by 0x48F4B42: start_thread (pthread_create.c:442)
==17696==    by 0x4985BB3: clone (clone.S:100)
==17696== 
==17696== Invalid read of size 1
==17696==    at 0x4909416: strtok_r (strtok_r.c:65)
==17696==    by 0x10AC33: capo_scrittore_body (archivio.c:301)
==17696==    by 0x48F4B42: start_thread (pthread_create.c:442)
==17696==    by 0x4985BB3: clone (clone.S:100)
==17696==  Address 0x6172c25 is 0 bytes after a block of size 5 alloc'd
==17696==    at 0x484DCD3: realloc (in /usr/libexec/valgrind/vgpreload_memcheck-amd64-linux.so)
==17696==    by 0x10ACFA: capo_scrittore_body (archivio.c:281)
==17696==    by 0x48F4B42: start_thread (pthread_create.c:442)
==17696==    by 0x4985BB3: clone (clone.S:100)
==17696== 
==17696== Invalid read of size 1
==17696==    at 0x484ED24: strlen (in /usr/libexec/valgrind/vgpreload_memcheck-amd64-linux.so)
==17696==    by 0x4908602: strdup (strdup.c:41)
==17696==    by 0x10AC40: capo_scrittore_body (archivio.c:303)
==17696==    by 0x48F4B42: start_thread (pthread_create.c:442)
==17696==    by 0x4985BB3: clone (clone.S:100)
==17696==  Address 0x6172c25 is 0 bytes after a block of size 5 alloc'd
==17696==    at 0x484DCD3: realloc (in /usr/libexec/valgrind/vgpreload_memcheck-amd64-linux.so)
==17696==    by 0x10ACFA: capo_scrittore_body (archivio.c:281)
==17696==    by 0x48F4B42: start_thread (pthread_create.c:442)
==17696==    by 0x4985BB3: clone (clone.S:100)
==17696== 
==17696== Invalid read of size 2
==17696==    at 0x48529EF: memmove (in /usr/libexec/valgrind/vgpreload_memcheck-amd64-linux.so)
==17696==    by 0x10AC40: capo_scrittore_body (archivio.c:303)
==17696==    by 0x48F4B42: start_thread (pthread_create.c:442)
==17696==    by 0x4985BB3: clone (clone.S:100)
==17696==  Address 0x6172c24 is 4 bytes inside a block of size 5 alloc'd
==17696==    at 0x484DCD3: realloc (in /usr/libexec/valgrind/vgpreload_memcheck-amd64-linux.so)
==17696==    by 0x10ACFA: capo_scrittore_body (archivio.c:281)
==17696==    by 0x48F4B42: start_thread (pthread_create.c:442)
==17696==    by 0x4985BB3: clone (clone.S:100)
==17696== 
==17696== Thread 3:
==17696== Invalid read of size 1
==17696==    at 0x4853CCC: strcspn (in /usr/libexec/valgrind/vgpreload_memcheck-amd64-linux.so)
==17696==    by 0x4909411: strtok_r (strtok_r.c:64)
==17696==    by 0x10B0BE: capo_lettore_body (archivio.c:468)
==17696==    by 0x48F4B42: start_thread (pthread_create.c:442)
==17696==    by 0x4985BB3: clone (clone.S:100)
==17696==  Address 0x6172d65 is 0 bytes after a block of size 5 alloc'd
==17696==    at 0x484DCD3: realloc (in /usr/libexec/valgrind/vgpreload_memcheck-amd64-linux.so)
==17696==    by 0x10B185: capo_lettore_body (archivio.c:448)
==17696==    by 0x48F4B42: start_thread (pthread_create.c:442)
==17696==    by 0x4985BB3: clone (clone.S:100)
==17696== 
==17696== Invalid read of size 1
==17696==    at 0x4909416: strtok_r (strtok_r.c:65)
==17696==    by 0x10B0BE: capo_lettore_body (archivio.c:468)
==17696==    by 0x48F4B42: start_thread (pthread_create.c:442)
==17696==    by 0x4985BB3: clone (clone.S:100)
==17696==  Address 0x6172d65 is 0 bytes after a block of size 5 alloc'd
==17696==    at 0x484DCD3: realloc (in /usr/libexec/valgrind/vgpreload_memcheck-amd64-linux.so)
==17696==    by 0x10B185: capo_lettore_body (archivio.c:448)
==17696==    by 0x48F4B42: start_thread (pthread_create.c:442)
==17696==    by 0x4985BB3: clone (clone.S:100)
==17696== 
==17696== Invalid read of size 1
==17696==    at 0x484ED24: strlen (in /usr/libexec/valgrind/vgpreload_memcheck-amd64-linux.so)
==17696==    by 0x4908602: strdup (strdup.c:41)
==17696==    by 0x10B0CB: capo_lettore_body (archivio.c:470)
==17696==    by 0x48F4B42: start_thread (pthread_create.c:442)
==17696==    by 0x4985BB3: clone (clone.S:100)
==17696==  Address 0x6172d65 is 0 bytes after a block of size 5 alloc'd
==17696==    at 0x484DCD3: realloc (in /usr/libexec/valgrind/vgpreload_memcheck-amd64-linux.so)
==17696==    by 0x10B185: capo_lettore_body (archivio.c:448)
==17696==    by 0x48F4B42: start_thread (pthread_create.c:442)
==17696==    by 0x4985BB3: clone (clone.S:100)
==17696== 
==17696== Invalid read of size 2
==17696==    at 0x48529EF: memmove (in /usr/libexec/valgrind/vgpreload_memcheck-amd64-linux.so)
==17696==    by 0x10B0CB: capo_lettore_body (archivio.c:470)
==17696==    by 0x48F4B42: start_thread (pthread_create.c:442)
==17696==    by 0x4985BB3: clone (clone.S:100)
==17696==  Address 0x6172d64 is 4 bytes inside a block of size 5 alloc'd
==17696==    at 0x484DCD3: realloc (in /usr/libexec/valgrind/vgpreload_memcheck-amd64-linux.so)
==17696==    by 0x10B185: capo_lettore_body (archivio.c:448)
==17696==    by 0x48F4B42: start_thread (pthread_create.c:442)
==17696==    by 0x4985BB3: clone (clone.S:100)
==17696== 
==17696== Thread 1:
==17696== Invalid read of size 8
==17696==    at 0x10C683: distruggi_hash (hashtable.c:85)
==17696==    by 0x10B6CB: main (archivio.c:169)
==17696==  Address 0x6174a58 is 8 bytes inside a block of size 16 free'd
==17696==    at 0x484B27F: free (in /usr/libexec/valgrind/vgpreload_memcheck-amd64-linux.so)
==17696==    by 0x10C65E: distruggi_entry (hashtable.c:69)
==17696==    by 0x10C682: distruggi_hash (hashtable.c:84)
==17696==    by 0x10B6CB: main (archivio.c:169)
==17696==  Block was alloc'd at
==17696==    at 0x4848899: malloc (in /usr/libexec/valgrind/vgpreload_memcheck-amd64-linux.so)
==17696==    by 0x10C5EC: crea_entry (hashtable.c:58)
==17696==    by 0x10C6A2: aggiungi (hashtable.c:90)
==17696==    by 0x10A7E1: scrittore_body (archivio.c:210)
==17696==    by 0x48F4B42: start_thread (pthread_create.c:442)
==17696==    by 0x4985BB3: clone (clone.S:100)
==17696== 
==17696== 
==17696== HEAP SUMMARY:
==17696==     in use at exit: 24 bytes in 6 blocks
==17696==   total heap usage: 143 allocs, 137 frees, 24,013,134 bytes allocated
==17696== 
==17696== 12 bytes in 3 blocks are definitely lost in loss record 1 of 2
==17696==    at 0x4848899: malloc (in /usr/libexec/valgrind/vgpreload_memcheck-amd64-linux.so)
==17696==    by 0x490860E: strdup (strdup.c:42)
==17696==    by 0x10AC40: capo_scrittore_body (archivio.c:303)
==17696==    by 0x48F4B42: start_thread (pthread_create.c:442)
==17696==    by 0x4985BB3: clone (clone.S:100)
==17696== 
==17696== 12 bytes in 3 blocks are definitely lost in loss record 2 of 2
==17696==    at 0x4848899: malloc (in /usr/libexec/valgrind/vgpreload_memcheck-amd64-linux.so)
==17696==    by 0x490860E: strdup (strdup.c:42)
==17696==    by 0x10B0CB: capo_lettore_body (archivio.c:470)
==17696==    by 0x48F4B42: start_thread (pthread_create.c:442)
==17696==    by 0x4985BB3: clone (clone.S:100)
==17696== 
==17696== LEAK SUMMARY:
==17696==    definitely lost: 24 bytes in 6 blocks
==17696==    indirectly lost: 0 bytes in 0 blocks
==17696==      possibly lost: 0 bytes in 0 blocks
==17696==    still reachable: 0 bytes in 0 blocks
==17696==         suppressed: 0 bytes in 0 blocks
==17696== 
==17696== For lists of detected and suppressed errors, rerun with: -s
==17696== ERROR SUMMARY: 66 errors from 19 contexts (suppressed: 0 from 0)
